000 (1457839.000.000) 2026-03-12 20:35:23 Job submitted from host: <193.109.174.74:9618?addrs=193.109.174.74-9618&alias=submit02.pic.es&noUDP&sock=schedd_2978408_bbae>
...
001 (1457839.000.000) 2026-03-13 11:24:25 Job executing on host: <192.168.101.85:9618?addrs=192.168.101.85-9618+[2001-67c-1148-301--85]-9618&alias=gpu08.pic.es&noUDP&sock=startd_2592_7991>
	SlotName: slot1_9@gpu08.pic.es
	AvailableGPUs = {  }
	CondorScratchDir = "/home/execute/dir_3481940"
	Cpus = 16
	Disk = 10488904
	GPUs = 0
	Memory = 65536
...
006 (1457839.000.000) 2026-03-13 11:24:25 Image size of job updated: 232
	0  -  MemoryUsage of job (MB)
	0  -  ResidentSetSize of job (KB)
...
005 (1457839.000.000) 2026-03-13 11:24:25 Job terminated.
	(1) Normal termination (return value 0)
		Usr 0 00:00:00, Sys 0 00:00:00  -  Run Remote Usage
		Usr 0 00:00:00, Sys 0 00:00:00  -  Run Local Usage
		Usr 0 00:00:00, Sys 0 00:00:00  -  Total Remote Usage
		Usr 0 00:00:00, Sys 0 00:00:00  -  Total Local Usage
	0  -  Run Bytes Sent By Job
	0  -  Run Bytes Received By Job
	0  -  Total Bytes Sent By Job
	0  -  Total Bytes Received By Job
	Partitionable Resources :    Usage  Request Allocated 
	   Cpus                 :                16        16 
	   Disk (KB)            :        2 10485760  10488904 
	   GPUs                 :                           0 
	   Memory (MB)          :        0    65536     65536 
	   TimeExecute (s)      :        0                    
	   TimeSlotBusy (s)     :        0                    
...
